0 info it worked if it ends with ok
1 verbose cli [ 'node', '/usr/local/bin/npm', 'info', 'portland' ]
2 info using npm@1.1.65
3 info using node@v0.8.14
4 verbose url raw portland
5 verbose url resolving [ 'https://registry.npmjs.org/', './portland' ]
6 verbose url resolved https://registry.npmjs.org/portland
7 info trying registry request attempt 1 at 21:42:09
8 http GET https://registry.npmjs.org/portland
9 http 404 https://registry.npmjs.org/portland
10 silly registry.get cb [ 404,
10 silly registry.get   { server: 'CouchDB/1.2.0 (Erlang OTP/R15B)',
10 silly registry.get     date: 'Fri, 16 Nov 2012 02:41:46 GMT',
10 silly registry.get     'content-type': 'application/json',
10 silly registry.get     'content-length': '52',
10 silly registry.get     'cache-control': 'must-revalidate' } ]
11 error 404 'portland' is not in the npm registry.
11 error 404 You should bug the author to publish it
11 error 404
11 error 404 Note that you can also install from a
11 error 404 tarball, folder, or http url, or git url.
12 error System Darwin 11.4.2
13 error command "node" "/usr/local/bin/npm" "info" "portland"
14 error cwd /Users/jessetane/Dropbox/Jesse/Projects/github/portland/example
15 error node -v v0.8.14
16 error npm -v 1.1.65
17 error code E404
18 verbose exit [ 1, true ]
